Fri Nov 04 17:30:16 BRST 2016 : Apache Derby Servidor de Rede - 10.10.2.0 - (1582446) iniciado e pronto para aceitar conexões na porta 1527 em {3}
----------------------------------------------------------------
Fri Nov 04 17:30:16 BRST 2016:
 Inicializando o Derby versão The Apache Software Foundation - Apache Derby - 10.10.2.0 - (1582446): instância a816c00e-0158-30d1-f846-000032249ceb
no diretório de banco de dados C:\Users\Heitor Ishihara\Desktop\WeatherMusic\WeatherMusic\db\WeatherSongDB 

java.vendor=Oracle Corporation
java.runtime.version=1.8.0_74-b02
user.dir=C:\Program Files\glassfish-4.1.1\javadb
os.name=Windows 10
os.arch=amd64
os.version=10.0
derby.system.home=C:\Users\Heitor Ishihara\Desktop\WeatherMusic\WeatherMusic\db
Carregador de classe do banco de dados iniciado - derby.database.classpath=''
----------------------------------------------------------------
Fri Nov 04 17:30:18 BRST 2016:
Encerrando a instância a816c00e-0158-30d1-f846-000032249ceb
Fri Nov 04 17:30:18 BRST 2016 Thread[DRDAConnThread_3,5,main] (DATABASE = WeatherSongDB), (DRDAID = {2}), Banco de dados 'WeatherSongDB' fechado.
----------------------------------------------------------------
Fri Nov 04 17:30:24 BRST 2016:
 Inicializando o Derby versão The Apache Software Foundation - Apache Derby - 10.10.2.0 - (1582446): instância 560740aa-0158-30d1-f846-000032249ceb
no diretório de banco de dados C:\Users\Heitor Ishihara\Desktop\WeatherMusic\WeatherMusic\db\WeatherSongDB 

java.vendor=Oracle Corporation
java.runtime.version=1.8.0_74-b02
user.dir=C:\Program Files\glassfish-4.1.1\javadb
os.name=Windows 10
os.arch=amd64
os.version=10.0
derby.system.home=C:\Users\Heitor Ishihara\Desktop\WeatherMusic\WeatherMusic\db
Carregador de classe do banco de dados iniciado - derby.database.classpath=''
